04-20 17:49:07.598 27635 27666 I RustStdoutStderr: [VulkanRenderer] Getting physical device..
04-20 17:49:07.601 27635 27666 I RustStdoutStderr: Supported extension: "VK_KHR_incremental_present"
04-20 17:49:07.601 27635 27666 I RustStdoutStderr: Supported extension: "VK_KHR_shared_presentable_image"
04-20 17:49:07.601 27635 27666 I RustStdoutStderr: Supported extension: "VK_GOOGLE_display_timing"
04-20 17:49:07.601 27635 27666 I RustStdoutStderr: Supported extension: "VK_EXT_subgroup_size_control"
04-20 17:49:07.601 27635 27666 I RustStdoutStderr: Supported extension: "VK_KHR_external_memory"
04-20 17:49:07.601 27635 27666 I RustStdoutStderr: Supported extension: "VK_EXT_pipeline_creation_feedback"
04-20 17:49:07.601 27635 27666 I RustStdoutStderr: Supported extension: "VK_KHR_shader_float16_int8"
04-20 17:49:07.601 27635 27666 I RustStdoutStderr: Supported extension: "VK_KHR_get_memory_requirements2"
04-20 17:49:07.601 27635 27666 I RustStdoutStderr: Supported extension: "VK_KHR_spirv_1_4"
04-20 17:49:07.601 27635 27666 I RustStdoutStderr: Supported extension: "VK_EXT_fragment_density_map"
04-20 17:49:07.601 27635 27666 I RustStdoutStderr: Supported extension: "VK_KHR_external_semaphore_fd"
04-20 17:49:07.601 27635 27666 I RustStdoutStderr: Supported extension: "VK_QCOM_render_pass_store_ops"
04-20 17:49:07.601 27635 27666 I RustStdoutStderr: Supported extension: "VK_EXT_astc_decode_mode"
04-20 17:49:07.601 27635 27666 I RustStdoutStderr: Supported extension: "VK_QCOM_render_pass_shader_resolve"
04-20 17:49:07.601 27635 27666 I RustStdoutStderr: Supported extension: "VK_KHR_maintenance1"
04-20 17:49:07.601 27635 27666 I RustStdoutStderr: Supported extension: "VK_KHR_maintenance2"
04-20 17:49:07.601 27635 27666 I RustStdoutStderr: Supported extension: "VK_KHR_maintenance3"
04-20 17:49:07.601 27635 27666 I RustStdoutStderr: Supported extension: "VK_KHR_separate_depth_stencil_layouts"
04-20 17:49:07.601 27635 27666 I RustStdoutStderr: Supported extension: "VK_EXT_image_robustness"
04-20 17:49:07.601 27635 27666 I RustStdoutStderr: Supported extension: "VK_EXT_extended_dynamic_state"
04-20 17:49:07.601 27635 27666 I RustStdoutStderr: Supported extension: "VK_EXT_queue_family_foreign"
04-20 17:49:07.601 27635 27666 I RustStdoutStderr: Supported extension: "VK_KHR_bind_memory2"
04-20 17:49:07.601 27635 27666 I RustStdoutStderr: Supported extension: "VK_KHR_external_semaphore"
04-20 17:49:07.601 27635 27666 I RustStdoutStderr: Supported extension: "VK_EXT_scalar_block_layout"
04-20 17:49:07.601 27635 27666 I RustStdoutStderr: Supported extension: "VK_KHR_sampler_ycbcr_conversion"
04-20 17:49:07.601 27635 27666 I RustStdoutStderr: Supported extension: "VK_EXT_vertex_attribute_divisor"
04-20 17:49:07.601 27635 27666 I RustStdoutStderr: Supported extension: "VK_KHR_variable_pointers"
04-20 17:49:07.601 27635 27666 I RustStdoutStderr: Supported extension: "VK_KHR_push_descriptor"
04-20 17:49:07.601 27635 27666 I RustStdoutStderr: Supported extension: "VK_EXT_device_memory_report"
04-20 17:49:07.601 27635 27666 I RustStdoutStderr: Supported extension: "VK_KHR_imageless_framebuffer"
04-20 17:49:07.601 27635 27666 I RustStdoutStderr: Supported extension: "VK_KHR_device_group"
04-20 17:49:07.601 27635 27666 I RustStdoutStderr: Supported extension: "VK_KHR_relaxed_block_layout"
04-20 17:49:07.601 27635 27666 I RustStdoutStderr: Supported extension: "VK_KHR_external_fence"
04-20 17:49:07.601 27635 27666 I RustStdoutStderr: Supported extension: "VK_EXT_host_query_reset"
04-20 17:49:07.602 27635 27666 I RustStdoutStderr: Supported extension: "VK_EXT_index_type_uint8"
04-20 17:49:07.602 27635 27666 I RustStdoutStderr: Supported extension: "VK_KHR_multiview"
04-20 17:49:07.602 27635 27666 I RustStdoutStderr: Supported extension: "VK_KHR_storage_buffer_storage_class"
04-20 17:49:07.602 27635 27666 I RustStdoutStderr: Supported extension: "VK_EXT_fragment_density_map2"
04-20 17:49:07.602 27635 27666 I RustStdoutStderr: Supported extension: "VK_EXT_private_data"
04-20 17:49:07.602 27635 27666 I RustStdoutStderr: Supported extension: "VK_EXT_pipeline_creation_cache_control"
04-20 17:49:07.602 27635 27666 I RustStdoutStderr: Supported extension: "VK_EXT_separate_stencil_usage"
04-20 17:49:07.602 27635 27666 I RustStdoutStderr: Supported extension: "VK_IMG_filter_cubic"
04-20 17:49:07.602 27635 27666 I RustStdoutStderr: Supported extension: "VK_EXT_filter_cubic"
04-20 17:49:07.602 27635 27666 I RustStdoutStderr: Supported extension: "VK_KHR_image_format_list"
04-20 17:49:07.602 27635 27666 I RustStdoutStderr: Supported extension: "VK_EXT_sampler_filter_minmax"
04-20 17:49:07.602 27635 27666 I RustStdoutStderr: Supported extension: "VK_KHR_16bit_storage"
04-20 17:49:07.602 27635 27666 I RustStdoutStderr: Supported extension: "VK_EXT_shader_demote_to_helper_invocation"
04-20 17:49:07.602 27635 27666 I RustStdoutStderr: Supported extension: "VK_QCOM_render_pass_transform"
04-20 17:49:07.602 27635 27666 I RustStdoutStderr: Supported extension: "VK_KHR_create_renderpass2"
04-20 17:49:07.602 27635 27666 I RustStdoutStderr: Supported extension: "VK_EXT_transform_feedback"
04-20 17:49:07.602 27635 27666 I RustStdoutStderr: Supported extension: "VK_EXT_blend_operation_advanced"
04-20 17:49:07.602 27635 27666 I RustStdoutStderr: Supported extension: "VK_KHR_depth_stencil_resolve"
04-20 17:49:07.602 27635 27666 I RustStdoutStderr: Supported extension: "VK_KHR_shader_float_controls"
04-20 17:49:07.602 27635 27666 I RustStdoutStderr: Supported extension: "VK_EXT_texture_compression_astc_hdr"
04-20 17:49:07.602 27635 27666 I RustStdoutStderr: Supported extension: "VK_EXT_global_priority"
04-20 17:49:07.602 27635 27666 I RustStdoutStderr: Supported extension: "VK_KHR_shader_draw_parameters"
04-20 17:49:07.602 27635 27666 I RustStdoutStderr: Supported extension: "VK_KHR_vulkan_memory_model"
04-20 17:49:07.602 27635 27666 I RustStdoutStderr: Supported extension: "VK_EXT_descriptor_indexing"
04-20 17:49:07.602 27635 27666 I RustStdoutStderr: Supported extension: "VK_EXT_line_rasterization"
04-20 17:49:07.602 27635 27666 I RustStdoutStderr: Supported extension: "VK_KHR_descriptor_update_template"
04-20 17:49:07.602 27635 27666 I RustStdoutStderr: Supported extension: "VK_KHR_draw_indirect_count"
04-20 17:49:07.602 27635 27666 I RustStdoutStderr: Supported extension: "VK_KHR_driver_properties"
04-20 17:49:07.602 27635 27666 I RustStdoutStderr: Supported extension: "VK_ANDROID_external_memory_android_hardware_buffer"
04-20 17:49:07.602 27635 27666 I RustStdoutStderr: Supported extension: "VK_KHR_dedicated_allocation"
04-20 17:49:07.602 27635 27666 I RustStdoutStderr: Supported extension: "VK_EXT_sample_locations"
04-20 17:49:07.602 27635 27666 I RustStdoutStderr: Supported extension: "VK_KHR_swapchain"
04-20 17:49:07.602 27635 27666 I RustStdoutStderr: Supported extension: "VK_KHR_sampler_mirror_clamp_to_edge"
04-20 17:49:07.602 27635 27666 I RustStdoutStderr: Supported extension: "VK_KHR_external_fence_fd"

04-20 17:49:07.602 27635 27666 I RustStdoutStderr: Required extension: "VK_KHR_external_memory_fd"
04-20 17:49:07.602 27635 27666 I RustStdoutStderr: Required extension: "VK_KHR_get_physical_device_properties2"